<?xml version="1.0" encoding="UTF-8"?>
<!-- Generated by org.testng.reporters.JUnitReportReporter -->
<testsuite hostname="khosruzs-MBP.lan" failures="0" tests="1" name="com.mco.tests.LoginPageTest" time="6.607" errors="0" timestamp="2021-12-28T09:49:08 EST" skipped="0">
  <testcase classname="com.mco.tests.LoginPageTest" name="loginTest" time="6.607"/>
  <system-out/>
</testsuite> <!-- com.mco.tests.LoginPageTest -->
